<?xml version="1.0" encoding="UTF-8"?>
<!-- Generated by org.testng.reporters.JUnitXMLReporter -->
<testsuite ignored="0" hostname="IN-63MZ9K3" failures="0" tests="4" name="Test" time="0.035" errors="0" timestamp="2022-09-19T23:43:50 IST">
  <testcase classname="com.nagarro.qa.base.BaseTest" name="@BeforeTest setup" time="-1.663611230814E9">
    <failure type="org.testng.TestNGException" message="
Parameter &amp;apos;browser&amp;apos; is required by BeforeTest on method setup but has not been marked @Optional or defined
in C:\Users\riyasreekhamaru\eclipse-workspace\NagarroProject\Runner\testng.xml">
      <![CDATA[org.testng.TestNGException: 
Parameter 'browser' is required by BeforeTest on method setup but has not been marked @Optional or defined
in C:\Users\riyasreekhamaru\eclipse-workspace\NagarroProject\Runner\testng.xml
... Removed 21 stack frames]]>
    </failure>
  </testcase> <!-- @BeforeTest setup -->
  <testcase classname="com.nagarro.qa.testcases.LaunchPageTest" name="@BeforeMethod pre_requisite" time="-1.663611230832E9">
    <skipped/>
  </testcase> <!-- @BeforeMethod pre_requisite -->
  <testcase classname="com.nagarro.qa.testcases.LaunchPageTest" name="@BeforeMethod pre_requisite" time="-1.663611230838E9">
    <skipped/>
  </testcase> <!-- @BeforeMethod pre_requisite -->
  <testcase classname="com.nagarro.qa.testcases.LaunchPageTest" name="@BeforeMethod pre_requisite" time="-1.66361123084E9">
    <skipped/>
  </testcase> <!-- @BeforeMethod pre_requisite -->
  <testcase classname="com.nagarro.qa.testcases.LaunchPageTest" name="@BeforeMethod pre_requisite" time="-1.663611230842E9">
    <skipped/>
  </testcase> <!-- @BeforeMethod pre_requisite -->
  <testcase classname="com.nagarro.qa.base.BaseTest" name="@AfterTest tear_drown" time="-1.663611230845E9">
    <skipped/>
  </testcase> <!-- @AfterTest tear_drown -->
  <testcase classname="com.nagarro.qa.testcases.LaunchPageTest" name="launchNagarroPageValidation" time="0.0">
    <skipped/>
  </testcase> <!-- launchNagarroPageValidation -->
  <testcase classname="com.nagarro.qa.testcases.LaunchPageTest" name="pageLableValidation" time="0.0">
    <skipped/>
  </testcase> <!-- pageLableValidation -->
  <testcase classname="com.nagarro.qa.testcases.LaunchPageTest" name="aboutUsButtonClick" time="0.0">
    <skipped/>
  </testcase> <!-- aboutUsButtonClick -->
  <testcase classname="com.nagarro.qa.testcases.LaunchPageTest" name="NagarroAboutUsPageValidation" time="0.0">
    <skipped/>
  </testcase> <!-- NagarroAboutUsPageValidation -->
</testsuite> <!-- Test -->
